SF:lib\core\api\common\api_result.dart
DA:4,0
DA:8,1
LF:2
LH:1
end_of_record
SF:lib\src\data\mappers\auth_mapper.dart
DA:11,0
DA:13,0
DA:14,0
DA:15,0
DA:16,0
DA:17,0
DA:18,0
LF:7
LH:0
end_of_record
SF:lib\src\data\model\request\change_password_request.dart
DA:6,1
DA:15,0
DA:16,0
DA:17,0
DA:18,0
DA:19,0
LF:6
LH:1
end_of_record
SF:lib\src\data\model\request\login_request.dart
DA:4,1
DA:6,0
DA:7,0
DA:8,0
DA:9,0
LF:5
LH:1
end_of_record
SF:lib\src\data\model\request\register_request.dart
DA:10,1
DA:20,0
DA:21,0
DA:22,0
DA:23,0
DA:24,0
DA:25,0
DA:26,0
DA:27,0
DA:28,0
LF:10
LH:1
end_of_record
SF:lib\src\data\model\request\update_profile_request.dart
DA:9,1
DA:18,0
DA:19,0
DA:20,0
DA:21,0
DA:22,0
DA:23,0
DA:24,0
LF:8
LH:1
end_of_record
SF:lib\src\data\model\response\app_user_model\app_user_model.dart
DA:14,1
DA:20,0
DA:21,0
DA:24,0
DA:25,0
DA:52,1
DA:65,0
DA:66,0
DA:69,0
DA:70,0
LF:10
LH:2
end_of_record
SF:lib\src\data\model\response\app_user_model\app_user_model.g.dart
DA:9,0
DA:10,0
DA:11,0
DA:12,0
DA:14,0
DA:17,0
DA:18,0
DA:19,0
DA:20,0
DA:21,0
DA:24,0
DA:25,0
DA:26,0
DA:27,0
DA:28,0
DA:29,0
DA:30,0
DA:31,0
DA:32,0
DA:33,0
DA:34,0
DA:37,0
DA:38,0
DA:39,0
DA:40,0
DA:41,0
DA:42,0
DA:43,0
DA:44,0
DA:45,0
DA:46,0
DA:47,0
LF:32
LH:0
end_of_record
SF:lib\src\data\model\response\success_auth_reponse_model\success_response_model.dart
DA:12,0
DA:17,0
DA:18,0
DA:21,0
DA:22,0
LF:5
LH:0
end_of_record
SF:lib\src\data\model\response\success_auth_reponse_model\success_response_model.g.dart
DA:9,0
DA:11,0
DA:12,0
DA:13,0
DA:16,0
DA:18,0
DA:19,0
DA:20,0
LF:8
LH:0
end_of_record
SF:lib\src\data\repositories\auth_repository_impl.dart
DA:19,1
DA:21,0
DA:24,0
DA:25,0
DA:26,0
DA:27,0
DA:28,0
DA:33,0
DA:36,0
DA:37,0
DA:38,0
DA:39,0
DA:44,0
DA:46,0
DA:47,0
DA:48,0
DA:49,0
DA:54,1
DA:56,2
DA:57,2
DA:58,0
DA:59,0
DA:63,0
DA:65,0
DA:66,0
DA:67,0
LF:26
LH:4
end_of_record
SF:lib\src\domain\entities\app_user_entity.dart
DA:7,1
LF:1
LH:1
end_of_record
SF:lib\src\data\api\api_manger.g.dart
DA:12,0
DA:17,0
DA:26,0
DA:28,0
DA:29,0
DA:30,0
DA:31,0
DA:32,0
DA:33,0
DA:38,0
DA:39,0
DA:44,0
DA:45,0
DA:46,0
DA:47,0
DA:49,0
DA:52,0
DA:54,0
DA:60,0
DA:62,0
DA:63,0
DA:64,0
DA:65,0
DA:66,0
DA:67,0
DA:72,0
DA:73,0
DA:78,0
DA:79,0
DA:80,0
DA:81,0
DA:83,0
DA:86,0
DA:88,0
DA:94,0
DA:96,0
DA:97,0
DA:98,0
DA:100,0
DA:105,0
DA:106,0
DA:111,0
DA:112,0
DA:113,0
DA:114,0
DA:116,0
DA:119,0
DA:121,0
DA:127,0
DA:129,0
DA:130,0
DA:131,0
DA:133,0
DA:138,0
DA:139,0
DA:144,0
DA:145,0
DA:146,0
DA:147,0
DA:149,0
DA:152,0
DA:154,0
DA:160,0
DA:163,0
DA:164,0
DA:165,0
DA:167,0
DA:172,0
DA:173,0
DA:178,0
DA:179,0
DA:180,0
DA:181,0
DA:183,0
DA:186,0
DA:188,0
DA:194,0
DA:197,0
DA:198,0
DA:199,0
DA:201,0
DA:206,0
DA:207,0
DA:212,0
DA:213,0
DA:214,0
DA:215,0
DA:217,0
DA:220,0
DA:222,0
DA:228,0
DA:229,0
DA:230,0
DA:231,0
DA:232,0
DA:233,0
DA:235,0
DA:241,0
DA:245,0
DA:249,0
DA:251,0
DA:252,0
DA:255,0
LF:103
LH:0
end_of_record
SF:lib\src\data\model\response\subject_response_model\subject_response_model.dart
DA:14,0
DA:20,0
DA:21,0
DA:24,0
DA:25,0
DA:38,0
DA:44,0
DA:45,0
DA:48,0
DA:49,0
DA:64,0
DA:71,0
DA:72,0
DA:75,0
DA:76,0
LF:15
LH:0
end_of_record
SF:lib\src\data\model\response\subject_response_model\subject_response_model.g.dart
DA:9,0
DA:11,0
DA:12,0
DA:13,0
DA:15,0
DA:16,0
DA:17,0
DA:18,0
DA:21,0
DA:23,0
DA:24,0
DA:25,0
DA:26,0
DA:29,0
DA:30,0
DA:31,0
DA:32,0
DA:35,0
DA:36,0
DA:37,0
DA:38,0
DA:41,0
DA:42,0
DA:43,0
DA:44,0
DA:45,0
DA:48,0
DA:49,0
DA:50,0
DA:51,0
DA:52,0
LF:31
LH:0
end_of_record
SF:lib\src\data\data_source\online_data_source\auth_data_source\auth_online_data_source_impl.dart
DA:14,0
DA:15,0
DA:17,0
DA:20,0
DA:22,0
DA:25,0
DA:27,0
DA:30,0
DA:33,0
DA:37,0
DA:39,0
LF:11
LH:0
end_of_record
SF:lib\core\api\common\excute_api_method.dart
DA:2,1
DA:5,1
DA:6,0
DA:8,1
DA:9,1
LF:5
LH:4
end_of_record
