SF:lib\core\api\common\api_result.dart
DA:4,1
DA:8,1
LF:2
LH:2
end_of_record
SF:lib\src\data\model\request\change_password_request.dart
DA:6,1
DA:15,0
DA:16,0
DA:17,0
DA:18,0
DA:19,0
LF:6
LH:1
end_of_record
SF:lib\src\domain\use_case\auth_use_case\change_password_use_case.dart
DA:9,0
DA:11,0
DA:12,0
LF:3
LH:0
end_of_record
SF:lib\src\presentation\change_password\view_model\change_password_state.dart
DA:14,1
LF:1
LH:1
end_of_record
SF:lib\src\presentation\change_password\view_model\change_password_cubit.dart
DA:18,1
DA:19,2
DA:25,1
DA:27,1
DA:28,1
DA:32,1
DA:33,2
DA:34,1
DA:35,2
DA:36,2
DA:37,2
DA:38,2
DA:41,1
DA:42,2
DA:43,1
DA:44,2
DA:45,2
LF:17
LH:17
end_of_record
SF:lib\core\error\error_handler.dart
DA:6,0
DA:8,1
DA:9,1
DA:10,0
DA:12,1
DA:16,0
DA:17,0
DA:18,0
DA:19,0
DA:20,0
DA:21,0
DA:22,0
DA:23,0
DA:24,0
DA:25,0
DA:26,0
DA:27,0
DA:29,0
DA:33,0
DA:35,0
DA:37,0
DA:41,0
DA:42,0
DA:43,0
DA:45,0
DA:47,0
DA:48,0
DA:52,0
DA:53,0
DA:57,0
DA:58,0
DA:62,0
DA:63,0
DA:67,0
DA:68,0
DA:73,0
LF:36
LH:3
end_of_record
SF:lib\core\error\error_model.dart
DA:5,1
LF:1
LH:1
end_of_record
SF:lib\core\caching\cache_keys.dart
DA:2,0
LF:1
LH:0
end_of_record
SF:lib\src\data\model\response\app_user_model\app_user_model.dart
DA:14,0
DA:20,0
DA:21,0
DA:24,0
DA:25,0
DA:52,0
DA:65,0
DA:66,0
DA:69,0
DA:70,0
LF:10
LH:0
end_of_record
SF:lib\src\data\model\response\app_user_model\app_user_model.g.dart
DA:9,0
DA:10,0
DA:11,0
DA:12,0
DA:14,0
DA:17,0
DA:18,0
DA:19,0
DA:20,0
DA:21,0
DA:24,0
DA:25,0
DA:26,0
DA:27,0
DA:28,0
DA:29,0
DA:30,0
DA:31,0
DA:32,0
DA:33,0
DA:34,0
DA:37,0
DA:38,0
DA:39,0
DA:40,0
DA:41,0
DA:42,0
DA:43,0
DA:44,0
DA:45,0
DA:46,0
DA:47,0
LF:32
LH:0
end_of_record
SF:lib\src\data\data_source\offline_data_source\auth_offline_data_source\auth_offline_data_source_impl.dart
DA:9,0
DA:11,0
DA:14,0
DA:16,0
DA:20,0
DA:22,0
LF:6
LH:0
end_of_record
SF:lib\src\data\mappers\auth_mapper.dart
DA:19,0
DA:21,0
DA:22,0
DA:23,0
DA:24,0
DA:25,0
DA:26,0
DA:30,0
DA:34,0
DA:37,0
DA:40,0
LF:11
LH:0
end_of_record
SF:lib\src\data\model\response\success_auth_reponse_model\success_auth_response_model.dart
DA:12,0
DA:17,0
DA:18,0
DA:21,0
DA:22,0
LF:5
LH:0
end_of_record
SF:lib\src\data\model\response\success_auth_reponse_model\success_auth_response_model.g.dart
DA:9,0
DA:11,0
DA:12,0
DA:13,0
DA:16,0
DA:18,0
DA:19,0
DA:20,0
LF:8
LH:0
end_of_record
SF:lib\src\domain\entities\app_user_entity.dart
DA:7,0
LF:1
LH:0
end_of_record
SF:lib\src\domain\entities\success_auth_entity.dart
DA:3,0
LF:1
LH:0
end_of_record
SF:lib\src\data\model\response\forget_password_response\forget_password_response_model.dart
DA:5,0
DA:9,0
DA:10,0
DA:11,0
DA:16,0
DA:17,0
DA:18,0
DA:19,0
LF:8
LH:0
end_of_record
SF:lib\src\data\api\api_manger.g.dart
DA:12,0
DA:17,0
DA:26,0
DA:28,0
DA:29,0
DA:30,0
DA:31,0
DA:32,0
DA:33,0
DA:38,0
DA:39,0
DA:44,0
DA:45,0
DA:46,0
DA:47,0
DA:49,0
DA:52,0
DA:54,0
DA:60,0
DA:62,0
DA:63,0
DA:64,0
DA:65,0
DA:66,0
DA:67,0
DA:72,0
DA:73,0
DA:78,0
DA:79,0
DA:80,0
DA:81,0
DA:83,0
DA:86,0
DA:88,0
DA:94,0
DA:96,0
DA:97,0
DA:98,0
DA:100,0
DA:105,0
DA:106,0
DA:111,0
DA:112,0
DA:113,0
DA:114,0
DA:116,0
DA:119,0
DA:121,0
DA:127,0
DA:129,0
DA:130,0
DA:131,0
DA:133,0
DA:138,0
DA:139,0
DA:144,0
DA:145,0
DA:146,0
DA:147,0
DA:149,0
DA:152,0
DA:154,0
DA:160,0
DA:163,0
DA:164,0
DA:165,0
DA:166,0
DA:167,0
DA:168,0
DA:173,0
DA:174,0
DA:179,0
DA:180,0
DA:181,0
DA:182,0
DA:184,0
DA:187,0
DA:189,0
DA:195,0
DA:198,0
DA:199,0
DA:200,0
DA:201,0
DA:202,0
DA:203,0
DA:208,0
DA:209,0
DA:214,0
DA:215,0
DA:216,0
DA:217,0
DA:219,0
DA:222,0
DA:224,0
DA:230,0
DA:232,0
DA:233,0
DA:234,0
DA:236,0
DA:241,0
DA:242,0
DA:247,0
DA:248,0
DA:249,0
DA:250,0
DA:252,0
DA:255,0
DA:257,0
DA:263,0
DA:266,0
DA:267,0
DA:268,0
DA:269,0
DA:270,0
DA:271,0
DA:276,0
DA:277,0
DA:282,0
DA:283,0
DA:284,0
DA:285,0
DA:287,0
DA:290,0
DA:292,0
DA:298,0
DA:301,0
DA:302,0
DA:303,0
DA:304,0
DA:305,0
DA:306,0
DA:311,0
DA:312,0
DA:317,0
DA:318,0
DA:319,0
DA:320,0
DA:322,0
DA:325,0
DA:327,0
DA:333,0
DA:336,0
DA:337,0
DA:338,0
DA:339,0
DA:340,0
DA:341,0
DA:346,0
DA:347,0
DA:352,0
DA:353,0
DA:354,0
DA:355,0
DA:357,0
DA:360,0
DA:362,0
DA:368,0
DA:369,0
DA:370,0
DA:371,0
DA:372,0
DA:373,0
DA:375,0
DA:381,0
DA:385,0
DA:389,0
DA:391,0
DA:392,0
DA:395,0
LF:169
LH:0
end_of_record
SF:lib\src\data\model\request\update_profile_request.dart
DA:9,0
DA:18,0
DA:19,0
DA:20,0
DA:21,0
DA:22,0
DA:23,0
DA:24,0
LF:8
LH:0
end_of_record
SF:lib\src\data\model\request\forget_password_request.dart
DA:3,0
DA:5,0
DA:6,0
DA:7,0
LF:4
LH:0
end_of_record
SF:lib\src\data\model\request\login_request.dart
DA:4,0
DA:6,0
DA:7,0
DA:8,0
DA:9,0
LF:5
LH:0
end_of_record
SF:lib\src\data\model\request\register_request.dart
DA:10,0
DA:20,0
DA:21,0
DA:22,0
DA:23,0
DA:24,0
DA:25,0
DA:26,0
DA:27,0
DA:28,0
LF:10
LH:0
end_of_record
SF:lib\src\data\model\request\reset_password_request.dart
DA:4,0
DA:6,0
DA:7,0
DA:8,0
DA:9,0
LF:5
LH:0
end_of_record
SF:lib\src\data\model\request\verify_reset_code_request.dart
DA:3,0
DA:5,0
DA:6,0
DA:7,0
LF:4
LH:0
end_of_record
SF:lib\src\data\model\response\subject_response_model\subject_response_model.dart
DA:14,0
DA:20,0
DA:21,0
DA:24,0
DA:25,0
DA:38,0
DA:44,0
DA:45,0
DA:48,0
DA:49,0
DA:64,0
DA:71,0
DA:72,0
DA:75,0
DA:76,0
LF:15
LH:0
end_of_record
SF:lib\src\data\model\response\subject_response_model\subject_response_model.g.dart
DA:9,0
DA:11,0
DA:12,0
DA:13,0
DA:15,0
DA:16,0
DA:17,0
DA:18,0
DA:21,0
DA:23,0
DA:24,0
DA:25,0
DA:26,0
DA:29,0
DA:30,0
DA:31,0
DA:32,0
DA:35,0
DA:36,0
DA:37,0
DA:38,0
DA:41,0
DA:42,0
DA:43,0
DA:44,0
DA:45,0
DA:48,0
DA:49,0
DA:50,0
DA:51,0
DA:52,0
LF:31
LH:0
end_of_record
SF:lib\src\data\data_source\online_data_source\auth_data_source\auth_online_data_source_impl.dart
DA:18,0
DA:19,0
DA:21,0
DA:24,0
DA:26,0
DA:29,0
DA:31,0
DA:34,0
DA:37,0
DA:41,0
DA:44,0
DA:48,0
DA:51,0
DA:55,0
DA:57,0
DA:60,0
DA:63,0
DA:66,0
DA:69,0
LF:19
LH:0
end_of_record
SF:lib\core\api\common\excute_api_method.dart
DA:2,0
DA:5,0
DA:6,0
DA:8,0
DA:9,0
LF:5
LH:0
end_of_record
SF:lib\src\data\repositories\auth_repository_impl.dart
DA:24,0
DA:26,0
DA:29,0
DA:30,0
DA:31,0
DA:32,0
DA:33,0
DA:38,0
DA:41,0
DA:42,0
DA:43,0
DA:44,0
DA:49,0
DA:51,0
DA:52,0
DA:53,0
DA:54,0
DA:59,0
DA:62,0
DA:63,0
DA:64,0
DA:66,0
DA:67,0
DA:72,0
DA:75,0
DA:76,0
DA:77,0
DA:79,0
DA:84,0
DA:87,0
DA:88,0
DA:90,0
DA:92,0
DA:93,0
DA:98,0
DA:100,0
DA:101,0
DA:102,0
DA:103,0
DA:107,0
DA:110,0
DA:111,0
DA:112,0
DA:114,0
DA:115,0
DA:120,0
DA:123,0
DA:124,0
DA:125,0
DA:127,0
LF:50
LH:0
end_of_record
